[debug] [2022-01-21T15:56:09.015Z] ----------------------------------------------------------------------
[debug] [2022-01-21T15:56:09.018Z] Command:       /usr/local/bin/node /usr/local/bin/firebase init hosting
[debug] [2022-01-21T15:56:09.018Z] CLI Version:   10.0.1
[debug] [2022-01-21T15:56:09.018Z] Platform:      linux
[debug] [2022-01-21T15:56:09.018Z] Node Version:  v16.13.1
[debug] [2022-01-21T15:56:09.019Z] Time:          Fri Jan 21 2022 21:26:09 GMT+0530 (India Standard Time)
[debug] [2022-01-21T15:56:09.019Z] ----------------------------------------------------------------------
[debug] 
[debug] [2022-01-21T15:56:09.066Z] > command requires scopes: ["email","openid","https://www.googleapis.com/auth/cloudplatformprojects.readonly","https://www.googleapis.com/auth/firebase","https://www.googleapis.com/auth/cloud-platform"]
[debug] [2022-01-21T15:56:09.066Z] > authorizing via signed-in user (amarkumargta@gmail.com)
[info] 
     ######## #### ########  ######## ########     ###     ######  ########
     ##        ##  ##     ## ##       ##     ##  ##   ##  ##       ##
     ######    ##  ########  ######   ########  #########  ######  ######
     ##        ##  ##    ##  ##       ##     ## ##     ##       ## ##
     ##       #### ##     ## ######## ########  ##     ##  ######  ########

You're about to initialize a Firebase project in this directory:

  /media/amartya/D/amartya/Amartya/workspace/olympus-frontend

Before we get started, keep in mind:

  * You are currently outside your home directory
  * You are initializing within an existing Firebase project directory

[info] 
=== Project Setup
[info] 
[info] First, let's associate this project directory with a Firebase project.
[info] You can create multiple project aliases by running firebase use --add, 
[info] but for now we'll just set up a default project.
[info] 
[debug] [2022-01-21T15:56:09.069Z] Using project from CLI flag: powercity-dao
[debug] [2022-01-21T15:56:09.071Z] > refreshing access token with scopes: []
[debug] [2022-01-21T15:56:09.072Z] >>> HTTP REQUEST POST https://www.googleapis.com/oauth2/v3/token  
 <request body omitted>
[debug] [2022-01-21T15:56:09.373Z] <<< HTTP RESPONSE 200 {"expires":"Mon, 01 Jan 1990 00:00:00 GMT","cache-control":"no-cache, no-store, max-age=0, must-revalidate","pragma":"no-cache","date":"Fri, 21 Jan 2022 15:56:09 GMT","content-type":"application/json; charset=utf-8","vary":"X-Origin, Referer, Origin,Accept-Encoding","server":"scaffolding on HTTPServer2","x-xss-protection":"0","x-frame-options":"SAMEORIGIN","x-content-type-options":"nosniff","alt-svc":"h3=\":443\"; ma=2592000,h3-29=\":443\"; ma=2592000,h3-Q050=\":443\"; ma=2592000,h3-Q046=\":443\"; ma=2592000,h3-Q043=\":443\"; ma=2592000,quic=\":443\"; ma=2592000; v=\"46,43\"","accept-ranges":"none","transfer-encoding":"chunked"}
[debug] [2022-01-21T15:56:09.392Z] >>> [apiv2][query] GET https://firebase.googleapis.com/v1beta1/projects/powercity-dao [none]
[debug] [2022-01-21T15:56:10.279Z] <<< [apiv2][status] GET https://firebase.googleapis.com/v1beta1/projects/powercity-dao 200
[debug] [2022-01-21T15:56:10.279Z] <<< [apiv2][body] GET https://firebase.googleapis.com/v1beta1/projects/powercity-dao {"projectId":"powercity-dao","projectNumber":"581097778139","displayName":"powercity-dao","name":"projects/powercity-dao","resources":{"hostingSite":"powercity-dao"},"state":"ACTIVE"}
[info] i  Using project powercity-dao (powercity-dao) 
[info] 
=== Hosting Setup
[info] 
[info] Your public directory is the folder (relative to your project directory) that
[info] will contain Hosting assets to be uploaded with firebase deploy. If you
[info] have a build process for your assets, use your build's output directory.
[info] 
